<?xml version="1.0" encoding="UTF-8"?>
<coverage generated="1570965787792" clover="3.2.0">
  <project timestamp="1570965787792" name="All files">
    <metrics statements="26" coveredstatements="26" conditionals="6" coveredconditionals="6" methods="8" coveredmethods="8" elements="40" coveredelements="40" complexity="0" loc="26" ncloc="26" packages="1" files="3" classes="3"/>
    <file name="gendiff-cli.js" path="/home/danylo/backend-project-lvl2/src/gendiff-cli.js">
      <metrics statements="20" coveredstatements="20" conditionals="6" coveredconditionals="6" methods="7" coveredmethods="7"/>
      <line num="6" count="2" type="stmt"/>
      <line num="8" count="3" type="stmt"/>
      <line num="11" count="10" type="stmt"/>
      <line num="14" count="9" type="stmt"/>
      <line num="17" count="6" type="stmt"/>
      <line num="22" count="2" type="stmt"/>
      <line num="24" count="28" type="cond" truecount="2" falsecount="0"/>
      <line num="25" count="15" type="cond" truecount="2" falsecount="0"/>
      <line num="27" count="13" type="cond" truecount="2" falsecount="0"/>
      <line num="29" count="28" type="stmt"/>
      <line num="33" count="6" type="stmt"/>
      <line num="34" count="6" type="stmt"/>
      <line num="35" count="6" type="stmt"/>
      <line num="36" count="6" type="stmt"/>
      <line num="37" count="6" type="stmt"/>
      <line num="38" count="6" type="stmt"/>
      <line num="40" count="6" type="stmt"/>
      <line num="41" count="28" type="stmt"/>
      <line num="42" count="28" type="stmt"/>
      <line num="45" count="6" type="stmt"/>
    </file>
    <file name="index.js" path="/home/danylo/backend-project-lvl2/src/index.js">
      <metrics statements="0" coveredstatements="0" conditionals="0" coveredconditionals="0" methods="0" coveredmethods="0"/>
    </file>
    <file name="parsers.js" path="/home/danylo/backend-project-lvl2/src/parsers.js">
      <metrics statements="6" coveredstatements="6" conditionals="0" coveredconditionals="0" methods="1" coveredmethods="1"/>
      <line num="6" count="2" type="stmt"/>
      <line num="13" count="12" type="stmt"/>
      <line num="14" count="12" type="stmt"/>
      <line num="15" count="12" type="stmt"/>
      <line num="16" count="12" type="stmt"/>
      <line num="17" count="12" type="stmt"/>
    </file>
  </project>
</coverage>
