<?xml version="1.0" encoding="UTF-8"?>
<coverage generated="1571489635547" clover="3.2.0">
  <project timestamp="1571489635547" name="All files">
    <metrics statements="51" coveredstatements="50" conditionals="25" coveredconditionals="24" methods="22" coveredmethods="22" elements="98" coveredelements="96" complexity="0" loc="51" ncloc="51" packages="1" files="5" classes="5"/>
    <file name="astBuilder.js" path="/home/danylo/backend-project-lvl2/src/astBuilder.js">
      <metrics statements="17" coveredstatements="17" conditionals="16" coveredconditionals="16" methods="11" coveredmethods="11"/>
      <line num="3" count="2" type="stmt"/>
      <line num="6" count="54" type="cond" truecount="3" falsecount="0"/>
      <line num="9" count="12" type="stmt"/>
      <line num="14" count="42" type="cond" truecount="3" falsecount="0"/>
      <line num="17" count="12" type="stmt"/>
      <line num="22" count="30" type="cond" truecount="2" falsecount="0"/>
      <line num="25" count="18" type="stmt"/>
      <line num="30" count="12" type="cond" truecount="2" falsecount="0"/>
      <line num="33" count="12" type="stmt"/>
      <line num="38" count="2" type="stmt"/>
      <line num="39" count="15" type="stmt"/>
      <line num="40" count="15" type="stmt"/>
      <line num="42" count="15" type="stmt"/>
      <line num="43" count="63" type="cond" truecount="6" falsecount="0"/>
      <line num="44" count="9" type="stmt"/>
      <line num="46" count="138" type="stmt"/>
      <line num="48" count="15" type="stmt"/>
    </file>
    <file name="gendiff-cli.js" path="/home/danylo/backend-project-lvl2/src/gendiff-cli.js">
      <metrics statements="4" coveredstatements="4" conditionals="0" coveredconditionals="0" methods="1" coveredmethods="1"/>
      <line num="6" count="6" type="stmt"/>
      <line num="7" count="6" type="stmt"/>
      <line num="9" count="6" type="stmt"/>
      <line num="10" count="6" type="stmt"/>
    </file>
    <file name="index.js" path="/home/danylo/backend-project-lvl2/src/index.js">
      <metrics statements="0" coveredstatements="0" conditionals="0" coveredconditionals="0" methods="0" coveredmethods="0"/>
    </file>
    <file name="parsers.js" path="/home/danylo/backend-project-lvl2/src/parsers.js">
      <metrics statements="5" coveredstatements="5" conditionals="0" coveredconditionals="0" methods="1" coveredmethods="1"/>
      <line num="6" count="2" type="stmt"/>
      <line num="13" count="12" type="stmt"/>
      <line num="14" count="12" type="stmt"/>
      <line num="15" count="12" type="stmt"/>
      <line num="17" count="12" type="stmt"/>
    </file>
    <file name="render.js" path="/home/danylo/backend-project-lvl2/src/render.js">
      <metrics statements="25" coveredstatements="24" conditionals="9" coveredconditionals="8" methods="9" coveredmethods="9"/>
      <line num="3" count="2" type="stmt"/>
      <line num="9" count="135" type="stmt"/>
      <line num="11" count="2" type="stmt"/>
      <line num="12" count="15" type="stmt"/>
      <line num="13" count="15" type="stmt"/>
      <line num="14" count="15" type="cond" truecount="1" falsecount="1"/>
      <line num="15" count="0" type="stmt"/>
      <line num="17" count="15" type="stmt"/>
      <line num="19" count="15" type="stmt"/>
      <line num="22" count="2" type="stmt"/>
      <line num="24" count="21" type="stmt"/>
      <line num="27" count="12" type="stmt"/>
      <line num="30" count="12" type="stmt"/>
      <line num="33" count="18" type="stmt"/>
      <line num="37" count="2" type="cond" truecount="1" falsecount="0"/>
      <line num="38" count="15" type="stmt"/>
      <line num="39" count="63" type="cond" truecount="2" falsecount="0"/>
      <line num="40" count="9" type="stmt"/>
      <line num="41" count="9" type="stmt"/>
      <line num="43" count="54" type="cond" truecount="2" falsecount="0"/>
      <line num="44" count="6" type="stmt"/>
      <line num="45" count="48" type="cond" truecount="2" falsecount="0"/>
      <line num="46" count="9" type="stmt"/>
      <line num="48" count="54" type="stmt"/>
      <line num="50" count="15" type="stmt"/>
    </file>
  </project>
</coverage>
