{"/home/danylo/backend-project-lvl2/src/astBuilder.js": {"path":"/home/danylo/backend-project-lvl2/src/astBuilder.js","statementMap":{"0":{"start":{"line":3,"column":13},"end":{"line":36,"column":1}},"1":{"start":{"line":6,"column":6},"end":{"line":6,"column":83}},"2":{"start":{"line":9,"column":6},"end":{"line":9,"column":96}},"3":{"start":{"line":14,"column":6},"end":{"line":14,"column":83}},"4":{"start":{"line":17,"column":6},"end":{"line":17,"column":94}},"5":{"start":{"line":22,"column":6},"end":{"line":22,"column":54}},"6":{"start":{"line":25,"column":6},"end":{"line":25,"column":92}},"7":{"start":{"line":30,"column":6},"end":{"line":30,"column":54}},"8":{"start":{"line":33,"column":6},"end":{"line":33,"column":94}},"9":{"start":{"line":38,"column":17},"end":{"line":49,"column":1}},"10":{"start":{"line":39,"column":17},"end":{"line":39,"column":71}},"11":{"start":{"line":40,"column":15},"end":{"line":40,"column":33}},"12":{"start":{"line":42,"column":14},"end":{"line":47,"column":4}},"13":{"start":{"line":43,"column":4},"end":{"line":45,"column":5}},"14":{"start":{"line":44,"column":6},"end":{"line":44,"column":81}},"15":{"start":{"line":46,"column":4},"end":{"line":46,"column":88}},"16":{"start":{"line":46,"column":31},"end":{"line":46,"column":62}},"17":{"start":{"line":48,"column":2},"end":{"line":48,"column":13}}},"fnMap":{"0":{"name":"(anonymous_0)","decl":{"start":{"line":5,"column":11},"end":{"line":5,"column":12}},"loc":{"start":{"line":5,"column":35},"end":{"line":7,"column":5}},"line":5},"1":{"name":"(anonymous_1)","decl":{"start":{"line":8,"column":10},"end":{"line":8,"column":11}},"loc":{"start":{"line":8,"column":34},"end":{"line":10,"column":5}},"line":8},"2":{"name":"(anonymous_2)","decl":{"start":{"line":13,"column":11},"end":{"line":13,"column":12}},"loc":{"start":{"line":13,"column":35},"end":{"line":15,"column":5}},"line":13},"3":{"name":"(anonymous_3)","decl":{"start":{"line":16,"column":10},"end":{"line":16,"column":11}},"loc":{"start":{"line":16,"column":34},"end":{"line":18,"column":5}},"line":16},"4":{"name":"(anonymous_4)","decl":{"start":{"line":21,"column":11},"end":{"line":21,"column":12}},"loc":{"start":{"line":21,"column":35},"end":{"line":23,"column":5}},"line":21},"5":{"name":"(anonymous_5)","decl":{"start":{"line":24,"column":10},"end":{"line":24,"column":11}},"loc":{"start":{"line":24,"column":34},"end":{"line":26,"column":5}},"line":24},"6":{"name":"(anonymous_6)","decl":{"start":{"line":29,"column":11},"end":{"line":29,"column":12}},"loc":{"start":{"line":29,"column":35},"end":{"line":31,"column":5}},"line":29},"7":{"name":"(anonymous_7)","decl":{"start":{"line":32,"column":10},"end":{"line":32,"column":11}},"loc":{"start":{"line":32,"column":34},"end":{"line":34,"column":5}},"line":32},"8":{"name":"(anonymous_8)","decl":{"start":{"line":38,"column":17},"end":{"line":38,"column":18}},"loc":{"start":{"line":38,"column":35},"end":{"line":49,"column":1}},"line":38},"9":{"name":"(anonymous_9)","decl":{"start":{"line":42,"column":23},"end":{"line":42,"column":24}},"loc":{"start":{"line":42,"column":30},"end":{"line":47,"column":3}},"line":42},"10":{"name":"(anonymous_10)","decl":{"start":{"line":46,"column":21},"end":{"line":46,"column":22}},"loc":{"start":{"line":46,"column":31},"end":{"line":46,"column":62}},"line":46}},"branchMap":{"0":{"loc":{"start":{"line":6,"column":13},"end":{"line":6,"column":82}},"type":"binary-expr","locations":[{"start":{"line":6,"column":13},"end":{"line":6,"column":30}},{"start":{"line":6,"column":34},"end":{"line":6,"column":52}},{"start":{"line":6,"column":56},"end":{"line":6,"column":82}}],"line":6},"1":{"loc":{"start":{"line":14,"column":13},"end":{"line":14,"column":82}},"type":"binary-expr","locations":[{"start":{"line":14,"column":13},"end":{"line":14,"column":30}},{"start":{"line":14,"column":34},"end":{"line":14,"column":52}},{"start":{"line":14,"column":56},"end":{"line":14,"column":82}}],"line":14},"2":{"loc":{"start":{"line":22,"column":13},"end":{"line":22,"column":53}},"type":"binary-expr","locations":[{"start":{"line":22,"column":13},"end":{"line":22,"column":31}},{"start":{"line":22,"column":35},"end":{"line":22,"column":53}}],"line":22},"3":{"loc":{"start":{"line":30,"column":13},"end":{"line":30,"column":53}},"type":"binary-expr","locations":[{"start":{"line":30,"column":13},"end":{"line":30,"column":30}},{"start":{"line":30,"column":34},"end":{"line":30,"column":53}}],"line":30},"4":{"loc":{"start":{"line":43,"column":4},"end":{"line":45,"column":5}},"type":"if","locations":[{"start":{"line":43,"column":4},"end":{"line":45,"column":5}},{"start":{"line":43,"column":4},"end":{"line":45,"column":5}}],"line":43},"5":{"loc":{"start":{"line":43,"column":9},"end":{"line":43,"column":123}},"type":"binary-expr","locations":[{"start":{"line":43,"column":10},"end":{"line":43,"column":40}},{"start":{"line":43,"column":44},"end":{"line":43,"column":63}},{"start":{"line":43,"column":69},"end":{"line":43,"column":99}},{"start":{"line":43,"column":103},"end":{"line":43,"column":122}}],"line":43}},"s":{"0":2,"1":54,"2":12,"3":42,"4":12,"5":30,"6":18,"7":12,"8":12,"9":2,"10":15,"11":15,"12":15,"13":63,"14":9,"15":54,"16":138,"17":15},"f":{"0":54,"1":12,"2":42,"3":12,"4":30,"5":18,"6":12,"7":12,"8":15,"9":63,"10":138},"b":{"0":[54,36,24],"1":[42,24,12],"2":[30,18],"3":[12,12],"4":[9,54],"5":[63,15,15,9]},"_coverageSchema":"43e27e138ebf9cfc5966b082cf9a028302ed4184","hash":"d9bc392621ad1f29b4cde2b74ffb24882e0cdb25"}
,"/home/danylo/backend-project-lvl2/src/gendiff-cli.js": {"path":"/home/danylo/backend-project-lvl2/src/gendiff-cli.js","statementMap":{"0":{"start":{"line":6,"column":16},"end":{"line":6,"column":34}},"1":{"start":{"line":7,"column":16},"end":{"line":7,"column":34}},"2":{"start":{"line":9,"column":18},"end":{"line":9,"column":40}},"3":{"start":{"line":10,"column":2},"end":{"line":10,"column":30}}},"fnMap":{"0":{"name":"(anonymous_0)","decl":{"start":{"line":5,"column":15},"end":{"line":5,"column":16}},"loc":{"start":{"line":5,"column":45},"end":{"line":11,"column":1}},"line":5}},"branchMap":{},"s":{"0":6,"1":6,"2":6,"3":6},"f":{"0":6},"b":{},"_coverageSchema":"43e27e138ebf9cfc5966b082cf9a028302ed4184","hash":"41a935c3775d4b8d68ff639c27c985c6476882d4"}
,"/home/danylo/backend-project-lvl2/src/index.js": {"path":"/home/danylo/backend-project-lvl2/src/index.js","statementMap":{},"fnMap":{},"branchMap":{},"s":{},"f":{},"b":{},"_coverageSchema":"43e27e138ebf9cfc5966b082cf9a028302ed4184","hash":"ce154e14979ba6f99a76e99ea1bc421455584294"}
,"/home/danylo/backend-project-lvl2/src/parsers.js": {"path":"/home/danylo/backend-project-lvl2/src/parsers.js","statementMap":{"0":{"start":{"line":6,"column":16},"end":{"line":10,"column":1}},"1":{"start":{"line":13,"column":14},"end":{"line":13,"column":38}},"2":{"start":{"line":14,"column":15},"end":{"line":14,"column":51}},"3":{"start":{"line":15,"column":16},"end":{"line":15,"column":28}},"4":{"start":{"line":17,"column":2},"end":{"line":17,"column":21}}},"fnMap":{"0":{"name":"(anonymous_0)","decl":{"start":{"line":12,"column":15},"end":{"line":12,"column":16}},"loc":{"start":{"line":12,"column":31},"end":{"line":18,"column":1}},"line":12}},"branchMap":{},"s":{"0":2,"1":12,"2":12,"3":12,"4":12},"f":{"0":12},"b":{},"_coverageSchema":"43e27e138ebf9cfc5966b082cf9a028302ed4184","hash":"e3b896e974e227061c0f712ced0296f7bbe96bad"}
,"/home/danylo/backend-project-lvl2/src/render.js": {"path":"/home/danylo/backend-project-lvl2/src/render.js","statementMap":{"0":{"start":{"line":3,"column":19},"end":{"line":7,"column":1}},"1":{"start":{"line":9,"column":19},"end":{"line":9,"column":58}},"2":{"start":{"line":9,"column":38},"end":{"line":9,"column":58}},"3":{"start":{"line":11,"column":17},"end":{"line":20,"column":1}},"4":{"start":{"line":12,"column":15},"end":{"line":12,"column":31}},"5":{"start":{"line":13,"column":24},"end":{"line":18,"column":4}},"6":{"start":{"line":14,"column":4},"end":{"line":16,"column":5}},"7":{"start":{"line":15,"column":6},"end":{"line":15,"column":81}},"8":{"start":{"line":17,"column":4},"end":{"line":17,"column":59}},"9":{"start":{"line":19,"column":2},"end":{"line":19,"column":134}},"10":{"start":{"line":22,"column":21},"end":{"line":35,"column":1}},"11":{"start":{"line":24,"column":4},"end":{"line":24,"column":91}},"12":{"start":{"line":27,"column":4},"end":{"line":27,"column":164}},"13":{"start":{"line":30,"column":4},"end":{"line":30,"column":89}},"14":{"start":{"line":33,"column":4},"end":{"line":33,"column":87}},"15":{"start":{"line":37,"column":20},"end":{"line":51,"column":1}},"16":{"start":{"line":38,"column":16},"end":{"line":49,"column":8}},"17":{"start":{"line":39,"column":4},"end":{"line":42,"column":5}},"18":{"start":{"line":40,"column":30},"end":{"line":40,"column":76}},"19":{"start":{"line":41,"column":6},"end":{"line":41,"column":74}},"20":{"start":{"line":43,"column":4},"end":{"line":47,"column":5}},"21":{"start":{"line":44,"column":6},"end":{"line":44,"column":57}},"22":{"start":{"line":45,"column":11},"end":{"line":47,"column":5}},"23":{"start":{"line":46,"column":6},"end":{"line":46,"column":57}},"24":{"start":{"line":48,"column":4},"end":{"line":48,"column":63}},"25":{"start":{"line":50,"column":2},"end":{"line":50,"column":67}}},"fnMap":{"0":{"name":"(anonymous_0)","decl":{"start":{"line":9,"column":19},"end":{"line":9,"column":20}},"loc":{"start":{"line":9,"column":38},"end":{"line":9,"column":58}},"line":9},"1":{"name":"(anonymous_1)","decl":{"start":{"line":11,"column":17},"end":{"line":11,"column":18}},"loc":{"start":{"line":11,"column":33},"end":{"line":20,"column":1}},"line":11},"2":{"name":"(anonymous_2)","decl":{"start":{"line":13,"column":33},"end":{"line":13,"column":34}},"loc":{"start":{"line":13,"column":40},"end":{"line":18,"column":3}},"line":13},"3":{"name":"(anonymous_3)","decl":{"start":{"line":23,"column":15},"end":{"line":23,"column":16}},"loc":{"start":{"line":23,"column":39},"end":{"line":25,"column":3}},"line":23},"4":{"name":"(anonymous_4)","decl":{"start":{"line":26,"column":13},"end":{"line":26,"column":14}},"loc":{"start":{"line":26,"column":37},"end":{"line":28,"column":3}},"line":26},"5":{"name":"(anonymous_5)","decl":{"start":{"line":29,"column":13},"end":{"line":29,"column":14}},"loc":{"start":{"line":29,"column":37},"end":{"line":31,"column":3}},"line":29},"6":{"name":"(anonymous_6)","decl":{"start":{"line":32,"column":11},"end":{"line":32,"column":12}},"loc":{"start":{"line":32,"column":35},"end":{"line":34,"column":3}},"line":32},"7":{"name":"(anonymous_7)","decl":{"start":{"line":37,"column":20},"end":{"line":37,"column":21}},"loc":{"start":{"line":37,"column":40},"end":{"line":51,"column":1}},"line":37},"8":{"name":"(anonymous_8)","decl":{"start":{"line":38,"column":27},"end":{"line":38,"column":28}},"loc":{"start":{"line":38,"column":67},"end":{"line":49,"column":3}},"line":38}},"branchMap":{"0":{"loc":{"start":{"line":14,"column":4},"end":{"line":16,"column":5}},"type":"if","locations":[{"start":{"line":14,"column":4},"end":{"line":16,"column":5}},{"start":{"line":14,"column":4},"end":{"line":16,"column":5}}],"line":14},"1":{"loc":{"start":{"line":37,"column":26},"end":{"line":37,"column":35}},"type":"default-arg","locations":[{"start":{"line":37,"column":34},"end":{"line":37,"column":35}}],"line":37},"2":{"loc":{"start":{"line":39,"column":4},"end":{"line":42,"column":5}},"type":"if","locations":[{"start":{"line":39,"column":4},"end":{"line":42,"column":5}},{"start":{"line":39,"column":4},"end":{"line":42,"column":5}}],"line":39},"3":{"loc":{"start":{"line":43,"column":4},"end":{"line":47,"column":5}},"type":"if","locations":[{"start":{"line":43,"column":4},"end":{"line":47,"column":5}},{"start":{"line":43,"column":4},"end":{"line":47,"column":5}}],"line":43},"4":{"loc":{"start":{"line":45,"column":11},"end":{"line":47,"column":5}},"type":"if","locations":[{"start":{"line":45,"column":11},"end":{"line":47,"column":5}},{"start":{"line":45,"column":11},"end":{"line":47,"column":5}}],"line":45}},"s":{"0":2,"1":2,"2":135,"3":2,"4":15,"5":15,"6":15,"7":0,"8":15,"9":15,"10":2,"11":21,"12":12,"13":12,"14":18,"15":2,"16":15,"17":63,"18":9,"19":9,"20":54,"21":6,"22":48,"23":9,"24":54,"25":15},"f":{"0":135,"1":15,"2":15,"3":21,"4":12,"5":12,"6":18,"7":15,"8":63},"b":{"0":[0,15],"1":[6],"2":[9,54],"3":[6,48],"4":[9,39]},"_coverageSchema":"43e27e138ebf9cfc5966b082cf9a028302ed4184","hash":"fe9199364383f29bba027bb0069a6bc0f1556812"}
}
