{"/home/danylo/backend-project-lvl2/src/gendiff-cli.js": {"path":"/home/danylo/backend-project-lvl2/src/gendiff-cli.js","statementMap":{"0":{"start":{"line":6,"column":16},"end":{"line":19,"column":1}},"1":{"start":{"line":8,"column":4},"end":{"line":8,"column":39}},"2":{"start":{"line":11,"column":4},"end":{"line":11,"column":66}},"3":{"start":{"line":14,"column":4},"end":{"line":14,"column":39}},"4":{"start":{"line":17,"column":4},"end":{"line":17,"column":39}},"5":{"start":{"line":22,"column":19},"end":{"line":30,"column":1}},"6":{"start":{"line":24,"column":2},"end":{"line":28,"column":3}},"7":{"start":{"line":25,"column":4},"end":{"line":25,"column":50}},"8":{"start":{"line":27,"column":4},"end":{"line":27,"column":56}},"9":{"start":{"line":29,"column":2},"end":{"line":29,"column":70}},"10":{"start":{"line":33,"column":16},"end":{"line":33,"column":34}},"11":{"start":{"line":34,"column":16},"end":{"line":34,"column":34}},"12":{"start":{"line":35,"column":2},"end":{"line":35,"column":21}},"13":{"start":{"line":36,"column":2},"end":{"line":36,"column":20}},"14":{"start":{"line":37,"column":17},"end":{"line":37,"column":71}},"15":{"start":{"line":38,"column":15},"end":{"line":38,"column":33}},"16":{"start":{"line":40,"column":15},"end":{"line":43,"column":4}},"17":{"start":{"line":41,"column":24},"end":{"line":41,"column":53}},"18":{"start":{"line":42,"column":4},"end":{"line":42,"column":50}},"19":{"start":{"line":45,"column":2},"end":{"line":45,"column":36}}},"fnMap":{"0":{"name":"(anonymous_0)","decl":{"start":{"line":7,"column":10},"end":{"line":7,"column":11}},"loc":{"start":{"line":7,"column":32},"end":{"line":9,"column":3}},"line":7},"1":{"name":"(anonymous_1)","decl":{"start":{"line":10,"column":13},"end":{"line":10,"column":14}},"loc":{"start":{"line":10,"column":45},"end":{"line":12,"column":3}},"line":10},"2":{"name":"(anonymous_2)","decl":{"start":{"line":13,"column":13},"end":{"line":13,"column":14}},"loc":{"start":{"line":13,"column":35},"end":{"line":15,"column":3}},"line":13},"3":{"name":"(anonymous_3)","decl":{"start":{"line":16,"column":11},"end":{"line":16,"column":12}},"loc":{"start":{"line":16,"column":33},"end":{"line":18,"column":3}},"line":16},"4":{"name":"(anonymous_4)","decl":{"start":{"line":22,"column":19},"end":{"line":22,"column":20}},"loc":{"start":{"line":22,"column":40},"end":{"line":30,"column":1}},"line":22},"5":{"name":"(anonymous_5)","decl":{"start":{"line":32,"column":15},"end":{"line":32,"column":16}},"loc":{"start":{"line":32,"column":45},"end":{"line":46,"column":1}},"line":32},"6":{"name":"(anonymous_6)","decl":{"start":{"line":40,"column":24},"end":{"line":40,"column":25}},"loc":{"start":{"line":40,"column":31},"end":{"line":43,"column":3}},"line":40}},"branchMap":{"0":{"loc":{"start":{"line":24,"column":2},"end":{"line":28,"column":3}},"type":"if","locations":[{"start":{"line":24,"column":2},"end":{"line":28,"column":3}},{"start":{"line":24,"column":2},"end":{"line":28,"column":3}}],"line":24},"1":{"loc":{"start":{"line":25,"column":11},"end":{"line":25,"column":49}},"type":"cond-expr","locations":[{"start":{"line":25,"column":30},"end":{"line":25,"column":39}},{"start":{"line":25,"column":42},"end":{"line":25,"column":49}}],"line":25},"2":{"loc":{"start":{"line":27,"column":11},"end":{"line":27,"column":55}},"type":"cond-expr","locations":[{"start":{"line":27,"column":37},"end":{"line":27,"column":43}},{"start":{"line":27,"column":46},"end":{"line":27,"column":55}}],"line":27}},"s":{"0":2,"1":3,"2":10,"3":9,"4":6,"5":2,"6":28,"7":15,"8":13,"9":28,"10":6,"11":6,"12":6,"13":6,"14":6,"15":6,"16":6,"17":28,"18":28,"19":6},"f":{"0":3,"1":10,"2":9,"3":6,"4":28,"5":6,"6":28},"b":{"0":[15,13],"1":[9,6],"2":[3,10]},"_coverageSchema":"43e27e138ebf9cfc5966b082cf9a028302ed4184","hash":"7d8f23d87d56498d39d1c114ab2e05cdc25adc8c"}
,"/home/danylo/backend-project-lvl2/src/index.js": {"path":"/home/danylo/backend-project-lvl2/src/index.js","statementMap":{},"fnMap":{},"branchMap":{},"s":{},"f":{},"b":{},"_coverageSchema":"43e27e138ebf9cfc5966b082cf9a028302ed4184","hash":"ce154e14979ba6f99a76e99ea1bc421455584294"}
,"/home/danylo/backend-project-lvl2/src/parsers.js": {"path":"/home/danylo/backend-project-lvl2/src/parsers.js","statementMap":{"0":{"start":{"line":6,"column":16},"end":{"line":10,"column":1}},"1":{"start":{"line":13,"column":14},"end":{"line":13,"column":38}},"2":{"start":{"line":14,"column":15},"end":{"line":14,"column":51}},"3":{"start":{"line":15,"column":16},"end":{"line":15,"column":28}},"4":{"start":{"line":16,"column":2},"end":{"line":16,"column":30}},"5":{"start":{"line":17,"column":2},"end":{"line":17,"column":21}}},"fnMap":{"0":{"name":"(anonymous_0)","decl":{"start":{"line":12,"column":15},"end":{"line":12,"column":16}},"loc":{"start":{"line":12,"column":31},"end":{"line":18,"column":1}},"line":12}},"branchMap":{},"s":{"0":2,"1":12,"2":12,"3":12,"4":12,"5":12},"f":{"0":12},"b":{},"_coverageSchema":"43e27e138ebf9cfc5966b082cf9a028302ed4184","hash":"e0660f3b1cc781452cceb597122cc2a31ec44f39"}
}
