TN:
SF:/home/danylo/backend-project-lvl2/src/genDiff.js
FN:6,(anonymous_0)
FN:9,(anonymous_1)
FN:12,(anonymous_2)
FN:15,(anonymous_3)
FN:20,(anonymous_4)
FN:30,(anonymous_5)
FN:37,(anonymous_6)
FNF:7
FNH:7
FNDA:3,(anonymous_0)
FNDA:3,(anonymous_1)
FNDA:6,(anonymous_2)
FNDA:3,(anonymous_3)
FNDA:15,(anonymous_4)
FNDA:3,(anonymous_5)
FNDA:15,(anonymous_6)
DA:5,1
DA:7,3
DA:10,3
DA:13,6
DA:16,3
DA:20,1
DA:22,15
DA:23,9
DA:25,6
DA:27,15
DA:31,3
DA:32,3
DA:34,3
DA:35,3
DA:37,3
DA:38,15
DA:39,15
DA:42,3
LF:18
LH:18
BRDA:22,0,0,9
BRDA:22,0,1,6
BRDA:23,1,0,6
BRDA:23,1,1,3
BRDA:25,2,0,3
BRDA:25,2,1,3
BRF:6
BRH:6
end_of_record
TN:
SF:/home/danylo/backend-project-lvl2/src/index.js
FNF:0
FNH:0
LF:0
LH:0
BRF:0
BRH:0
end_of_record
TN:
SF:/home/danylo/backend-project-lvl2/src/parsers/parser.js
FN:12,(anonymous_0)
FNF:1
FNH:1
FNDA:6,(anonymous_0)
DA:6,1
DA:13,6
DA:14,6
DA:16,6
DA:17,6
LF:5
LH:5
BRF:0
BRH:0
end_of_record
