TN:
SF:/home/danylo/backend-project-lvl2/src/astBuilder.js
FN:5,(anonymous_0)
FN:8,(anonymous_1)
FN:13,(anonymous_2)
FN:16,(anonymous_3)
FN:21,(anonymous_4)
FN:24,(anonymous_5)
FN:29,(anonymous_6)
FN:32,(anonymous_7)
FN:38,(anonymous_8)
FN:42,(anonymous_9)
FN:46,(anonymous_10)
FNF:11
FNH:11
FNDA:54,(anonymous_0)
FNDA:12,(anonymous_1)
FNDA:42,(anonymous_2)
FNDA:12,(anonymous_3)
FNDA:30,(anonymous_4)
FNDA:18,(anonymous_5)
FNDA:12,(anonymous_6)
FNDA:12,(anonymous_7)
FNDA:15,(anonymous_8)
FNDA:63,(anonymous_9)
FNDA:138,(anonymous_10)
DA:3,2
DA:6,54
DA:9,12
DA:14,42
DA:17,12
DA:22,30
DA:25,18
DA:30,12
DA:33,12
DA:38,2
DA:39,15
DA:40,15
DA:42,15
DA:43,63
DA:44,9
DA:46,138
DA:48,15
LF:17
LH:17
BRDA:6,0,0,54
BRDA:6,0,1,36
BRDA:6,0,2,24
BRDA:14,1,0,42
BRDA:14,1,1,24
BRDA:14,1,2,12
BRDA:22,2,0,30
BRDA:22,2,1,18
BRDA:30,3,0,12
BRDA:30,3,1,12
BRDA:43,4,0,9
BRDA:43,4,1,54
BRDA:43,5,0,63
BRDA:43,5,1,15
BRDA:43,5,2,15
BRDA:43,5,3,9
BRF:16
BRH:16
end_of_record
TN:
SF:/home/danylo/backend-project-lvl2/src/gendiff-cli.js
FN:5,(anonymous_0)
FNF:1
FNH:1
FNDA:6,(anonymous_0)
DA:6,6
DA:7,6
DA:9,6
DA:10,6
LF:4
LH:4
BRF:0
BRH:0
end_of_record
TN:
SF:/home/danylo/backend-project-lvl2/src/index.js
FNF:0
FNH:0
LF:0
LH:0
BRF:0
BRH:0
end_of_record
TN:
SF:/home/danylo/backend-project-lvl2/src/parsers.js
FN:12,(anonymous_0)
FNF:1
FNH:1
FNDA:12,(anonymous_0)
DA:6,2
DA:13,12
DA:14,12
DA:15,12
DA:17,12
LF:5
LH:5
BRF:0
BRH:0
end_of_record
TN:
SF:/home/danylo/backend-project-lvl2/src/render.js
FN:9,(anonymous_0)
FN:11,(anonymous_1)
FN:13,(anonymous_2)
FN:23,(anonymous_3)
FN:26,(anonymous_4)
FN:29,(anonymous_5)
FN:32,(anonymous_6)
FN:37,(anonymous_7)
FN:38,(anonymous_8)
FNF:9
FNH:9
FNDA:135,(anonymous_0)
FNDA:15,(anonymous_1)
FNDA:15,(anonymous_2)
FNDA:21,(anonymous_3)
FNDA:12,(anonymous_4)
FNDA:12,(anonymous_5)
FNDA:18,(anonymous_6)
FNDA:15,(anonymous_7)
FNDA:63,(anonymous_8)
DA:3,2
DA:9,135
DA:11,2
DA:12,15
DA:13,15
DA:14,15
DA:15,0
DA:17,15
DA:19,15
DA:22,2
DA:24,21
DA:27,12
DA:30,12
DA:33,18
DA:37,2
DA:38,15
DA:39,63
DA:40,9
DA:41,9
DA:43,54
DA:44,6
DA:45,48
DA:46,9
DA:48,54
DA:50,15
LF:25
LH:24
BRDA:14,0,0,0
BRDA:14,0,1,15
BRDA:37,1,0,6
BRDA:39,2,0,9
BRDA:39,2,1,54
BRDA:43,3,0,6
BRDA:43,3,1,48
BRDA:45,4,0,9
BRDA:45,4,1,39
BRF:9
BRH:8
end_of_record
